{"timestamp":"2025-10-12T15:00:04.398685Z","level":"info","event":"DAG bundles loaded: dags-folder","logger":"airflow.dag_processing.bundles.manager.DagBundlesManager","filename":"manager.py","lineno":179}
{"timestamp":"2025-10-12T15:00:04.400084Z","level":"info","event":"Filling up the DagBag from /opt/airflow/dags/DAILY_INSERT/stocks_info.py","logger":"airflow.models.dagbag.DagBag","filename":"dagbag.py","lineno":593}
{"timestamp":"2025-10-12T15:00:07.416813Z","level":"warning","event":"The `airflow.operators.empty.EmptyOperator` attribute is deprecated. Please use `'airflow.providers.standard.operators.empty.EmptyOperator'`.","category":"DeprecatedImportWarning","filename":"/opt/airflow/dags/DAILY_INSERT/stocks_info.py","lineno":16,"logger":"py.warnings"}
{"timestamp":"2025-10-12T15:00:07.417146Z","level":"warning","event":"The `airflow.operators.python.PythonOperator` attribute is deprecated. Please use `'airflow.providers.standard.operators.python.PythonOperator'`.","category":"DeprecatedImportWarning","filename":"/opt/airflow/dags/DAILY_INSERT/stocks_info.py","lineno":17,"logger":"py.warnings"}
{"timestamp":"2025-10-12T15:00:11.583813Z","level":"warning","event":"This pattern is interpreted as a regular expression, and has match groups. To actually get the groups, use str.extract.","category":"UserWarning","filename":"/opt/airflow/dags/DAILY_INSERT/stocks_info.py","lineno":110,"logger":"py.warnings"}
{"timestamp":"2025-10-12T15:00:12.597548Z","level":"info","event":"Error processing AACB: Authentication failed., full error: {'ok': 0.0, 'errmsg': 'Authentication failed.', 'code': 18, 'codeName': 'AuthenticationFailed'}","logger":"task.stdout"}
{"timestamp":"2025-10-12T15:00:12.597766Z","level":"info","event":"0:00:00.983493","logger":"task.stdout"}
{"timestamp":"2025-10-12T15:00:21.656836Z","level":"info","event":"Error processing AACBR: Authentication failed., full error: {'ok': 0.0, 'errmsg': 'Authentication failed.', 'code': 18, 'codeName': 'AuthenticationFailed'}","logger":"task.stdout"}
{"timestamp":"2025-10-12T15:00:21.657127Z","level":"info","event":"0:00:10.041864","logger":"task.stdout"}
{"timestamp":"2025-10-12T15:00:31.657961Z","level":"info","event":"Error processing AACBU: Authentication failed., full error: {'ok': 0.0, 'errmsg': 'Authentication failed.', 'code': 18, 'codeName': 'AuthenticationFailed'}","logger":"task.stdout"}
{"timestamp":"2025-10-12T15:00:31.658324Z","level":"info","event":"0:00:20.043769","logger":"task.stdout"}
{"timestamp":"2025-10-12T15:00:41.668618Z","level":"info","event":"Error processing AACG: Authentication failed., full error: {'ok': 0.0, 'errmsg': 'Authentication failed.', 'code': 18, 'codeName': 'AuthenticationFailed'}","logger":"task.stdout"}
{"timestamp":"2025-10-12T15:00:41.669073Z","level":"info","event":"0:00:30.054405","logger":"task.stdout"}
{"timestamp":"2025-10-12T15:00:51.677501Z","level":"info","event":"Error processing AACI: Authentication failed., full error: {'ok': 0.0, 'errmsg': 'Authentication failed.', 'code': 18, 'codeName': 'AuthenticationFailed'}","logger":"task.stdout"}
{"timestamp":"2025-10-12T15:00:51.677755Z","level":"info","event":"0:00:40.063487","logger":"task.stdout"}
{"timestamp":"2025-10-12T15:01:01.693132Z","level":"info","event":"Error processing AACIU: Authentication failed., full error: {'ok': 0.0, 'errmsg': 'Authentication failed.', 'code': 18, 'codeName': 'AuthenticationFailed'}","logger":"task.stdout"}
{"timestamp":"2025-10-12T15:01:01.693441Z","level":"info","event":"0:00:50.078957","logger":"task.stdout"}
{"timestamp":"2025-10-12T15:01:11.692205Z","level":"info","event":"Error processing AACIW: Authentication failed., full error: {'ok': 0.0, 'errmsg': 'Authentication failed.', 'code': 18, 'codeName': 'AuthenticationFailed'}","logger":"task.stdout"}
{"timestamp":"2025-10-12T15:01:11.692523Z","level":"info","event":"0:01:00.078154","logger":"task.stdout"}
{"timestamp":"2025-10-12T15:01:21.700109Z","level":"info","event":"Error processing AAL: Authentication failed., full error: {'ok': 0.0, 'errmsg': 'Authentication failed.', 'code': 18, 'codeName': 'AuthenticationFailed'}","logger":"task.stdout"}
{"timestamp":"2025-10-12T15:01:21.700378Z","level":"info","event":"0:01:10.086109","logger":"task.stdout"}
{"timestamp":"2025-10-12T15:01:31.704329Z","level":"info","event":"Error processing AAME: Authentication failed., full error: {'ok': 0.0, 'errmsg': 'Authentication failed.', 'code': 18, 'codeName': 'AuthenticationFailed'}","logger":"task.stdout"}
{"timestamp":"2025-10-12T15:01:31.704554Z","level":"info","event":"0:01:20.090326","logger":"task.stdout"}
{"timestamp":"2025-10-12T15:01:41.716627Z","level":"info","event":"Error processing AAOI: Authentication failed., full error: {'ok': 0.0, 'errmsg': 'Authentication failed.', 'code': 18, 'codeName': 'AuthenticationFailed'}","logger":"task.stdout"}
{"timestamp":"2025-10-12T15:01:41.716862Z","level":"info","event":"0:01:30.102641","logger":"task.stdout"}
{"timestamp":"2025-10-12T15:01:51.724694Z","level":"info","event":"Error processing AAON: Authentication failed., full error: {'ok': 0.0, 'errmsg': 'Authentication failed.', 'code': 18, 'codeName': 'AuthenticationFailed'}","logger":"task.stdout"}
{"timestamp":"2025-10-12T15:01:51.725007Z","level":"info","event":"0:01:40.110652","logger":"task.stdout"}
{"timestamp":"2025-10-12T15:02:01.737803Z","level":"info","event":"Error processing AAPG: Authentication failed., full error: {'ok': 0.0, 'errmsg': 'Authentication failed.', 'code': 18, 'codeName': 'AuthenticationFailed'}","logger":"task.stdout"}
{"timestamp":"2025-10-12T15:02:01.738035Z","level":"info","event":"0:01:50.123777","logger":"task.stdout"}
{"timestamp":"2025-10-12T15:02:11.747947Z","level":"info","event":"Error processing AAPL: Authentication failed., full error: {'ok': 0.0, 'errmsg': 'Authentication failed.', 'code': 18, 'codeName': 'AuthenticationFailed'}","logger":"task.stdout"}
{"timestamp":"2025-10-12T15:02:11.748377Z","level":"info","event":"0:02:00.133745","logger":"task.stdout"}
{"timestamp":"2025-10-12T15:02:21.755794Z","level":"info","event":"Error processing AARD: Authentication failed., full error: {'ok': 0.0, 'errmsg': 'Authentication failed.', 'code': 18, 'codeName': 'AuthenticationFailed'}","logger":"task.stdout"}
{"timestamp":"2025-10-12T15:02:21.756118Z","level":"info","event":"0:02:10.141708","logger":"task.stdout"}
{"timestamp":"2025-10-12T15:02:31.766370Z","level":"info","event":"Error processing ABAT: Authentication failed., full error: {'ok': 0.0, 'errmsg': 'Authentication failed.', 'code': 18, 'codeName': 'AuthenticationFailed'}","logger":"task.stdout"}
{"timestamp":"2025-10-12T15:02:31.766610Z","level":"info","event":"0:02:20.152274","logger":"task.stdout"}
{"timestamp":"2025-10-12T15:02:41.778858Z","level":"info","event":"Error processing ABCL: Authentication failed., full error: {'ok': 0.0, 'errmsg': 'Authentication failed.', 'code': 18, 'codeName': 'AuthenticationFailed'}","logger":"task.stdout"}
{"timestamp":"2025-10-12T15:02:41.779336Z","level":"info","event":"0:02:30.164652","logger":"task.stdout"}
{"timestamp":"2025-10-12T15:02:51.787438Z","level":"info","event":"Error processing ABEO: Authentication failed., full error: {'ok': 0.0, 'errmsg': 'Authentication failed.', 'code': 18, 'codeName': 'AuthenticationFailed'}","logger":"task.stdout"}
{"timestamp":"2025-10-12T15:02:51.787646Z","level":"info","event":"0:02:40.173454","logger":"task.stdout"}
{"timestamp":"2025-10-12T15:03:01.800850Z","level":"info","event":"Error processing ABL: Authentication failed., full error: {'ok': 0.0, 'errmsg': 'Authentication failed.', 'code': 18, 'codeName': 'AuthenticationFailed'}","logger":"task.stdout"}
{"timestamp":"2025-10-12T15:03:01.801208Z","level":"info","event":"0:02:50.186610","logger":"task.stdout"}
{"timestamp":"2025-10-12T15:03:11.809991Z","level":"info","event":"Error processing ABLLL: Authentication failed., full error: {'ok': 0.0, 'errmsg': 'Authentication failed.', 'code': 18, 'codeName': 'AuthenticationFailed'}","logger":"task.stdout"}
{"timestamp":"2025-10-12T15:03:11.810833Z","level":"info","event":"0:03:00.195747","logger":"task.stdout"}
{"timestamp":"2025-10-12T15:03:21.812316Z","level":"info","event":"Error processing ABLV: Authentication failed., full error: {'ok': 0.0, 'errmsg': 'Authentication failed.', 'code': 18, 'codeName': 'AuthenticationFailed'}","logger":"task.stdout"}
{"timestamp":"2025-10-12T15:03:21.812607Z","level":"info","event":"0:03:10.198234","logger":"task.stdout"}
{"timestamp":"2025-10-12T15:03:31.829530Z","level":"info","event":"Error processing ABLVW: Authentication failed., full error: {'ok': 0.0, 'errmsg': 'Authentication failed.', 'code': 18, 'codeName': 'AuthenticationFailed'}","logger":"task.stdout"}
{"timestamp":"2025-10-12T15:03:31.829799Z","level":"info","event":"0:03:20.215434","logger":"task.stdout"}
{"timestamp":"2025-10-12T15:03:41.834515Z","level":"info","event":"Error processing ABNB: Authentication failed., full error: {'ok': 0.0, 'errmsg': 'Authentication failed.', 'code': 18, 'codeName': 'AuthenticationFailed'}","logger":"task.stdout"}
{"timestamp":"2025-10-12T15:03:41.834769Z","level":"info","event":"0:03:30.220463","logger":"task.stdout"}
{"timestamp":"2025-10-12T15:03:51.846454Z","level":"info","event":"Error processing ABOS: Authentication failed., full error: {'ok': 0.0, 'errmsg': 'Authentication failed.', 'code': 18, 'codeName': 'AuthenticationFailed'}","logger":"task.stdout"}
{"timestamp":"2025-10-12T15:03:51.846674Z","level":"info","event":"0:03:40.232344","logger":"task.stdout"}
{"timestamp":"2025-10-12T15:04:01.852336Z","level":"info","event":"Error processing ABPWW: Authentication failed., full error: {'ok': 0.0, 'errmsg': 'Authentication failed.', 'code': 18, 'codeName': 'AuthenticationFailed'}","logger":"task.stdout"}
{"timestamp":"2025-10-12T15:04:01.852541Z","level":"info","event":"0:03:50.238274","logger":"task.stdout"}
{"timestamp":"2025-10-12T15:04:11.863379Z","level":"info","event":"Error processing ABSI: Authentication failed., full error: {'ok': 0.0, 'errmsg': 'Authentication failed.', 'code': 18, 'codeName': 'AuthenticationFailed'}","logger":"task.stdout"}
{"timestamp":"2025-10-12T15:04:11.863731Z","level":"info","event":"0:04:00.249271","logger":"task.stdout"}
{"timestamp":"2025-10-12T15:04:21.873308Z","level":"info","event":"Error processing ABTC: Authentication failed., full error: {'ok': 0.0, 'errmsg': 'Authentication failed.', 'code': 18, 'codeName': 'AuthenticationFailed'}","logger":"task.stdout"}
{"timestamp":"2025-10-12T15:04:21.873597Z","level":"info","event":"0:04:10.259269","logger":"task.stdout"}
{"timestamp":"2025-10-12T15:04:31.880839Z","level":"info","event":"Error processing ABTS: Authentication failed., full error: {'ok': 0.0, 'errmsg': 'Authentication failed.', 'code': 18, 'codeName': 'AuthenticationFailed'}","logger":"task.stdout"}
{"timestamp":"2025-10-12T15:04:31.881266Z","level":"info","event":"0:04:20.266659","logger":"task.stdout"}
{"timestamp":"2025-10-12T15:04:41.892335Z","level":"info","event":"Error processing ABUS: Authentication failed., full error: {'ok': 0.0, 'errmsg': 'Authentication failed.', 'code': 18, 'codeName': 'AuthenticationFailed'}","logger":"task.stdout"}
{"timestamp":"2025-10-12T15:04:41.892783Z","level":"info","event":"0:04:30.278091","logger":"task.stdout"}
{"timestamp":"2025-10-12T15:04:51.902289Z","level":"info","event":"Error processing ABVC: Authentication failed., full error: {'ok': 0.0, 'errmsg': 'Authentication failed.', 'code': 18, 'codeName': 'AuthenticationFailed'}","logger":"task.stdout"}
{"timestamp":"2025-10-12T15:04:51.902556Z","level":"info","event":"0:04:40.288209","logger":"task.stdout"}
{"timestamp":"2025-10-12T15:05:01.908079Z","level":"info","event":"Error processing ABVX: Authentication failed., full error: {'ok': 0.0, 'errmsg': 'Authentication failed.', 'code': 18, 'codeName': 'AuthenticationFailed'}","logger":"task.stdout"}
{"timestamp":"2025-10-12T15:05:01.908363Z","level":"info","event":"0:04:50.294080","logger":"task.stdout"}
{"timestamp":"2025-10-12T15:05:11.908932Z","level":"info","event":"Error processing ACAD: Authentication failed., full error: {'ok': 0.0, 'errmsg': 'Authentication failed.', 'code': 18, 'codeName': 'AuthenticationFailed'}","logger":"task.stdout"}
{"timestamp":"2025-10-12T15:05:11.909187Z","level":"info","event":"0:05:00.294487","logger":"task.stdout"}
{"timestamp":"2025-10-12T15:05:21.923164Z","level":"info","event":"Error processing ACB: Authentication failed., full error: {'ok': 0.0, 'errmsg': 'Authentication failed.', 'code': 18, 'codeName': 'AuthenticationFailed'}","logger":"task.stdout"}
{"timestamp":"2025-10-12T15:05:21.923416Z","level":"info","event":"0:05:10.309097","logger":"task.stdout"}
{"timestamp":"2025-10-12T15:05:31.932492Z","level":"info","event":"Error processing ACDC: Authentication failed., full error: {'ok': 0.0, 'errmsg': 'Authentication failed.', 'code': 18, 'codeName': 'AuthenticationFailed'}","logger":"task.stdout"}
{"timestamp":"2025-10-12T15:05:31.932702Z","level":"info","event":"0:05:20.318399","logger":"task.stdout"}
{"timestamp":"2025-10-12T15:05:41.937103Z","level":"info","event":"Error processing ACFN: Authentication failed., full error: {'ok': 0.0, 'errmsg': 'Authentication failed.', 'code': 18, 'codeName': 'AuthenticationFailed'}","logger":"task.stdout"}
{"timestamp":"2025-10-12T15:05:41.937311Z","level":"info","event":"0:05:30.323078","logger":"task.stdout"}
{"timestamp":"2025-10-12T15:05:51.940141Z","level":"info","event":"Error processing ACGL: Authentication failed., full error: {'ok': 0.0, 'errmsg': 'Authentication failed.', 'code': 18, 'codeName': 'AuthenticationFailed'}","logger":"task.stdout"}
{"timestamp":"2025-10-12T15:05:51.940347Z","level":"info","event":"0:05:40.326145","logger":"task.stdout"}
{"timestamp":"2025-10-12T15:06:01.945435Z","level":"info","event":"Error processing ACGLN: Authentication failed., full error: {'ok': 0.0, 'errmsg': 'Authentication failed.', 'code': 18, 'codeName': 'AuthenticationFailed'}","logger":"task.stdout"}
{"timestamp":"2025-10-12T15:06:01.945747Z","level":"info","event":"0:05:50.331294","logger":"task.stdout"}
{"timestamp":"2025-10-12T15:06:11.955724Z","level":"info","event":"Error processing ACGLO: Authentication failed., full error: {'ok': 0.0, 'errmsg': 'Authentication failed.', 'code': 18, 'codeName': 'AuthenticationFailed'}","logger":"task.stdout"}
{"timestamp":"2025-10-12T15:06:11.956141Z","level":"info","event":"0:06:00.341505","logger":"task.stdout"}
{"timestamp":"2025-10-12T15:06:21.957322Z","level":"info","event":"Error processing ACHC: Authentication failed., full error: {'ok': 0.0, 'errmsg': 'Authentication failed.', 'code': 18, 'codeName': 'AuthenticationFailed'}","logger":"task.stdout"}
{"timestamp":"2025-10-12T15:06:21.957580Z","level":"info","event":"0:06:10.343238","logger":"task.stdout"}
{"timestamp":"2025-10-12T15:06:31.957372Z","level":"info","event":"Error processing ACHV: Authentication failed., full error: {'ok': 0.0, 'errmsg': 'Authentication failed.', 'code': 18, 'codeName': 'AuthenticationFailed'}","logger":"task.stdout"}
{"timestamp":"2025-10-12T15:06:31.957612Z","level":"info","event":"0:06:20.343355","logger":"task.stdout"}
{"timestamp":"2025-10-12T15:06:41.961322Z","level":"info","event":"Error processing ACIC: Authentication failed., full error: {'ok': 0.0, 'errmsg': 'Authentication failed.', 'code': 18, 'codeName': 'AuthenticationFailed'}","logger":"task.stdout"}
{"timestamp":"2025-10-12T15:06:41.961508Z","level":"info","event":"0:06:30.347295","logger":"task.stdout"}
{"timestamp":"2025-10-12T15:06:51.973193Z","level":"info","event":"Error processing ACIU: Authentication failed., full error: {'ok': 0.0, 'errmsg': 'Authentication failed.', 'code': 18, 'codeName': 'AuthenticationFailed'}","logger":"task.stdout"}
{"timestamp":"2025-10-12T15:06:51.973378Z","level":"info","event":"0:06:40.359194","logger":"task.stdout"}
{"timestamp":"2025-10-12T15:07:01.983732Z","level":"info","event":"Error processing ACIW: Authentication failed., full error: {'ok': 0.0, 'errmsg': 'Authentication failed.', 'code': 18, 'codeName': 'AuthenticationFailed'}","logger":"task.stdout"}
{"timestamp":"2025-10-12T15:07:01.984029Z","level":"info","event":"0:06:50.369652","logger":"task.stdout"}
{"timestamp":"2025-10-12T15:07:11.994707Z","level":"info","event":"Error processing ACLS: Authentication failed., full error: {'ok': 0.0, 'errmsg': 'Authentication failed.', 'code': 18, 'codeName': 'AuthenticationFailed'}","logger":"task.stdout"}
{"timestamp":"2025-10-12T15:07:11.995125Z","level":"info","event":"0:07:00.380581","logger":"task.stdout"}
{"timestamp":"2025-10-12T15:07:22.005069Z","level":"info","event":"Error processing ACLX: Authentication failed., full error: {'ok': 0.0, 'errmsg': 'Authentication failed.', 'code': 18, 'codeName': 'AuthenticationFailed'}","logger":"task.stdout"}
{"timestamp":"2025-10-12T15:07:22.005389Z","level":"info","event":"0:07:10.390834","logger":"task.stdout"}
{"timestamp":"2025-10-12T15:07:32.016198Z","level":"info","event":"Error processing ACMR: Authentication failed., full error: {'ok': 0.0, 'errmsg': 'Authentication failed.', 'code': 18, 'codeName': 'AuthenticationFailed'}","logger":"task.stdout"}
{"timestamp":"2025-10-12T15:07:32.016534Z","level":"info","event":"0:07:20.402060","logger":"task.stdout"}
{"timestamp":"2025-10-12T15:07:42.024069Z","level":"info","event":"Error processing ACNB: Authentication failed., full error: {'ok': 0.0, 'errmsg': 'Authentication failed.', 'code': 18, 'codeName': 'AuthenticationFailed'}","logger":"task.stdout"}
{"timestamp":"2025-10-12T15:07:42.024392Z","level":"info","event":"0:07:30.409904","logger":"task.stdout"}
{"timestamp":"2025-10-12T15:07:52.035293Z","level":"info","event":"Error processing ACNT: Authentication failed., full error: {'ok': 0.0, 'errmsg': 'Authentication failed.', 'code': 18, 'codeName': 'AuthenticationFailed'}","logger":"task.stdout"}
{"timestamp":"2025-10-12T15:07:52.035649Z","level":"info","event":"0:07:40.421121","logger":"task.stdout"}
{"timestamp":"2025-10-12T15:08:02.044327Z","level":"info","event":"Error processing ACOG: Authentication failed., full error: {'ok': 0.0, 'errmsg': 'Authentication failed.', 'code': 18, 'codeName': 'AuthenticationFailed'}","logger":"task.stdout"}
{"timestamp":"2025-10-12T15:08:02.044657Z","level":"info","event":"0:07:50.430311","logger":"task.stdout"}
{"timestamp":"2025-10-12T15:08:12.042569Z","level":"info","event":"Error processing ACON: Authentication failed., full error: {'ok': 0.0, 'errmsg': 'Authentication failed.', 'code': 18, 'codeName': 'AuthenticationFailed'}","logger":"task.stdout"}
{"timestamp":"2025-10-12T15:08:12.042783Z","level":"info","event":"0:08:00.428520","logger":"task.stdout"}
{"timestamp":"2025-10-12T15:08:22.051644Z","level":"info","event":"Error processing ACONW: Authentication failed., full error: {'ok': 0.0, 'errmsg': 'Authentication failed.', 'code': 18, 'codeName': 'AuthenticationFailed'}","logger":"task.stdout"}
{"timestamp":"2025-10-12T15:08:22.051856Z","level":"info","event":"0:08:10.437626","logger":"task.stdout"}
{"timestamp":"2025-10-12T15:08:32.061055Z","level":"info","event":"Error processing ACRS: Authentication failed., full error: {'ok': 0.0, 'errmsg': 'Authentication failed.', 'code': 18, 'codeName': 'AuthenticationFailed'}","logger":"task.stdout"}
{"timestamp":"2025-10-12T15:08:32.061331Z","level":"info","event":"0:08:20.446893","logger":"task.stdout"}
{"timestamp":"2025-10-12T15:08:42.071177Z","level":"info","event":"Error processing ACRV: Authentication failed., full error: {'ok': 0.0, 'errmsg': 'Authentication failed.', 'code': 18, 'codeName': 'AuthenticationFailed'}","logger":"task.stdout"}
{"timestamp":"2025-10-12T15:08:42.071550Z","level":"info","event":"0:08:30.456857","logger":"task.stdout"}
{"timestamp":"2025-10-12T15:08:52.079659Z","level":"info","event":"Error processing ACT: Authentication failed., full error: {'ok': 0.0, 'errmsg': 'Authentication failed.', 'code': 18, 'codeName': 'AuthenticationFailed'}","logger":"task.stdout"}
{"timestamp":"2025-10-12T15:08:52.079993Z","level":"info","event":"0:08:40.465504","logger":"task.stdout"}
{"timestamp":"2025-10-12T15:09:02.092167Z","level":"info","event":"Error processing ACTG: Authentication failed., full error: {'ok': 0.0, 'errmsg': 'Authentication failed.', 'code': 18, 'codeName': 'AuthenticationFailed'}","logger":"task.stdout"}
{"timestamp":"2025-10-12T15:09:02.092430Z","level":"info","event":"0:08:50.477932","logger":"task.stdout"}
{"timestamp":"2025-10-12T15:09:12.102671Z","level":"info","event":"Error processing ACTU: Authentication failed., full error: {'ok': 0.0, 'errmsg': 'Authentication failed.', 'code': 18, 'codeName': 'AuthenticationFailed'}","logger":"task.stdout"}
{"timestamp":"2025-10-12T15:09:12.103014Z","level":"info","event":"0:09:00.488603","logger":"task.stdout"}
{"timestamp":"2025-10-12T15:09:22.111123Z","level":"info","event":"Error processing ACXP: Authentication failed., full error: {'ok': 0.0, 'errmsg': 'Authentication failed.', 'code': 18, 'codeName': 'AuthenticationFailed'}","logger":"task.stdout"}
{"timestamp":"2025-10-12T15:09:22.111322Z","level":"info","event":"0:09:10.497098","logger":"task.stdout"}
{"timestamp":"2025-10-12T15:09:32.122864Z","level":"info","event":"Error processing ADAG: Authentication failed., full error: {'ok': 0.0, 'errmsg': 'Authentication failed.', 'code': 18, 'codeName': 'AuthenticationFailed'}","logger":"task.stdout"}
{"timestamp":"2025-10-12T15:09:32.123090Z","level":"info","event":"0:09:20.508821","logger":"task.stdout"}
{"timestamp":"2025-10-12T15:09:42.139841Z","level":"info","event":"Error processing ADAM: Authentication failed., full error: {'ok': 0.0, 'errmsg': 'Authentication failed.', 'code': 18, 'codeName': 'AuthenticationFailed'}","logger":"task.stdout"}
{"timestamp":"2025-10-12T15:09:42.140069Z","level":"info","event":"0:09:30.525825","logger":"task.stdout"}
{"timestamp":"2025-10-12T15:09:52.142795Z","level":"info","event":"Error processing ADAMG: Authentication failed., full error: {'ok': 0.0, 'errmsg': 'Authentication failed.', 'code': 18, 'codeName': 'AuthenticationFailed'}","logger":"task.stdout"}
{"timestamp":"2025-10-12T15:09:52.143024Z","level":"info","event":"0:09:40.528807","logger":"task.stdout"}
{"timestamp":"2025-10-12T15:10:02.153859Z","level":"info","event":"Error processing ADAMH: Authentication failed., full error: {'ok': 0.0, 'errmsg': 'Authentication failed.', 'code': 18, 'codeName': 'AuthenticationFailed'}","logger":"task.stdout"}
{"timestamp":"2025-10-12T15:10:02.154149Z","level":"info","event":"0:09:50.539796","logger":"task.stdout"}
{"timestamp":"2025-10-12T15:10:12.165153Z","level":"info","event":"Error processing ADAMI: Authentication failed., full error: {'ok': 0.0, 'errmsg': 'Authentication failed.', 'code': 18, 'codeName': 'AuthenticationFailed'}","logger":"task.stdout"}
{"timestamp":"2025-10-12T15:10:12.165614Z","level":"info","event":"0:10:00.550843","logger":"task.stdout"}
{"timestamp":"2025-10-12T15:10:22.174358Z","level":"info","event":"Error processing ADAML: Authentication failed., full error: {'ok': 0.0, 'errmsg': 'Authentication failed.', 'code': 18, 'codeName': 'AuthenticationFailed'}","logger":"task.stdout"}
{"timestamp":"2025-10-12T15:10:22.174570Z","level":"info","event":"0:10:10.560316","logger":"task.stdout"}
