{"timestamp":"2025-10-13T23:12:19.583178Z","level":"info","event":"DAG bundles loaded: dags-folder","logger":"airflow.dag_processing.bundles.manager.DagBundlesManager","filename":"manager.py","lineno":179}
{"timestamp":"2025-10-13T23:12:19.584280Z","level":"info","event":"Filling up the DagBag from /opt/airflow/dags/DAILY_INSERT/stocks_info.py","logger":"airflow.models.dagbag.DagBag","filename":"dagbag.py","lineno":593}
{"timestamp":"2025-10-13T23:12:22.185552Z","level":"warning","event":"The `airflow.operators.empty.EmptyOperator` attribute is deprecated. Please use `'airflow.providers.standard.operators.empty.EmptyOperator'`.","category":"DeprecatedImportWarning","filename":"/opt/airflow/dags/DAILY_INSERT/stocks_info.py","lineno":16,"logger":"py.warnings"}
{"timestamp":"2025-10-13T23:12:22.185730Z","level":"warning","event":"The `airflow.operators.python.PythonOperator` attribute is deprecated. Please use `'airflow.providers.standard.operators.python.PythonOperator'`.","category":"DeprecatedImportWarning","filename":"/opt/airflow/dags/DAILY_INSERT/stocks_info.py","lineno":17,"logger":"py.warnings"}
{"timestamp":"2025-10-13T23:12:26.217000Z","level":"warning","event":"This pattern is interpreted as a regular expression, and has match groups. To actually get the groups, use str.extract.","category":"UserWarning","filename":"/opt/airflow/dags/DAILY_INSERT/stocks_info.py","lineno":110,"logger":"py.warnings"}
{"timestamp":"2025-10-13T23:12:27.106862Z","level":"info","event":"Error processing AACB: Authentication failed., full error: {'ok': 0.0, 'errmsg': 'Authentication failed.', 'code': 18, 'codeName': 'AuthenticationFailed'}","logger":"task.stdout"}
{"timestamp":"2025-10-13T23:12:27.107152Z","level":"info","event":"0:00:00.862260","logger":"task.stdout"}
{"timestamp":"2025-10-13T23:12:36.281414Z","level":"info","event":"Error processing AACBR: Authentication failed., full error: {'ok': 0.0, 'errmsg': 'Authentication failed.', 'code': 18, 'codeName': 'AuthenticationFailed'}","logger":"task.stdout"}
{"timestamp":"2025-10-13T23:12:36.281674Z","level":"info","event":"0:00:10.036832","logger":"task.stdout"}
{"timestamp":"2025-10-13T23:12:46.288051Z","level":"info","event":"Error processing AACBU: Authentication failed., full error: {'ok': 0.0, 'errmsg': 'Authentication failed.', 'code': 18, 'codeName': 'AuthenticationFailed'}","logger":"task.stdout"}
{"timestamp":"2025-10-13T23:12:46.288315Z","level":"info","event":"0:00:20.043462","logger":"task.stdout"}
{"timestamp":"2025-10-13T23:12:56.298461Z","level":"info","event":"Error processing AACG: Authentication failed., full error: {'ok': 0.0, 'errmsg': 'Authentication failed.', 'code': 18, 'codeName': 'AuthenticationFailed'}","logger":"task.stdout"}
{"timestamp":"2025-10-13T23:12:56.298733Z","level":"info","event":"0:00:30.053819","logger":"task.stdout"}
{"timestamp":"2025-10-13T23:13:06.313085Z","level":"info","event":"Error processing AACI: Authentication failed., full error: {'ok': 0.0, 'errmsg': 'Authentication failed.', 'code': 18, 'codeName': 'AuthenticationFailed'}","logger":"task.stdout"}
{"timestamp":"2025-10-13T23:13:06.313562Z","level":"info","event":"0:00:40.068378","logger":"task.stdout"}
{"timestamp":"2025-10-13T23:13:16.318963Z","level":"info","event":"Error processing AACIU: Authentication failed., full error: {'ok': 0.0, 'errmsg': 'Authentication failed.', 'code': 18, 'codeName': 'AuthenticationFailed'}","logger":"task.stdout"}
{"timestamp":"2025-10-13T23:13:16.319285Z","level":"info","event":"0:00:50.074342","logger":"task.stdout"}
{"timestamp":"2025-10-13T23:13:26.327695Z","level":"info","event":"Error processing AACIW: Authentication failed., full error: {'ok': 0.0, 'errmsg': 'Authentication failed.', 'code': 18, 'codeName': 'AuthenticationFailed'}","logger":"task.stdout"}
{"timestamp":"2025-10-13T23:13:26.327985Z","level":"info","event":"0:01:00.083077","logger":"task.stdout"}
{"timestamp":"2025-10-13T23:13:36.337864Z","level":"info","event":"Error processing AAL: Authentication failed., full error: {'ok': 0.0, 'errmsg': 'Authentication failed.', 'code': 18, 'codeName': 'AuthenticationFailed'}","logger":"task.stdout"}
{"timestamp":"2025-10-13T23:13:36.338117Z","level":"info","event":"0:01:10.093309","logger":"task.stdout"}
{"timestamp":"2025-10-13T23:13:46.348022Z","level":"info","event":"Error processing AAME: Authentication failed., full error: {'ok': 0.0, 'errmsg': 'Authentication failed.', 'code': 18, 'codeName': 'AuthenticationFailed'}","logger":"task.stdout"}
{"timestamp":"2025-10-13T23:13:46.348305Z","level":"info","event":"0:01:20.103383","logger":"task.stdout"}
{"timestamp":"2025-10-13T23:13:56.355020Z","level":"info","event":"Error processing AAOI: Authentication failed., full error: {'ok': 0.0, 'errmsg': 'Authentication failed.', 'code': 18, 'codeName': 'AuthenticationFailed'}","logger":"task.stdout"}
{"timestamp":"2025-10-13T23:13:56.355241Z","level":"info","event":"0:01:30.110440","logger":"task.stdout"}
{"timestamp":"2025-10-13T23:14:06.363392Z","level":"info","event":"Error processing AAON: Authentication failed., full error: {'ok': 0.0, 'errmsg': 'Authentication failed.', 'code': 18, 'codeName': 'AuthenticationFailed'}","logger":"task.stdout"}
{"timestamp":"2025-10-13T23:14:06.363623Z","level":"info","event":"0:01:40.118758","logger":"task.stdout"}
