{"timestamp":"2025-10-13T23:01:09.115985Z","level":"info","event":"DAG bundles loaded: dags-folder","logger":"airflow.dag_processing.bundles.manager.DagBundlesManager","filename":"manager.py","lineno":179}
{"timestamp":"2025-10-13T23:01:09.118283Z","level":"info","event":"Filling up the DagBag from /opt/airflow/dags/DAILY_INSERT/stocks_info.py","logger":"airflow.models.dagbag.DagBag","filename":"dagbag.py","lineno":593}
{"timestamp":"2025-10-13T23:01:12.127767Z","level":"warning","event":"The `airflow.operators.empty.EmptyOperator` attribute is deprecated. Please use `'airflow.providers.standard.operators.empty.EmptyOperator'`.","category":"DeprecatedImportWarning","filename":"/opt/airflow/dags/DAILY_INSERT/stocks_info.py","lineno":16,"logger":"py.warnings"}
{"timestamp":"2025-10-13T23:01:12.128025Z","level":"warning","event":"The `airflow.operators.python.PythonOperator` attribute is deprecated. Please use `'airflow.providers.standard.operators.python.PythonOperator'`.","category":"DeprecatedImportWarning","filename":"/opt/airflow/dags/DAILY_INSERT/stocks_info.py","lineno":17,"logger":"py.warnings"}
{"timestamp":"2025-10-13T23:01:17.321444Z","level":"warning","event":"This pattern is interpreted as a regular expression, and has match groups. To actually get the groups, use str.extract.","category":"UserWarning","filename":"/opt/airflow/dags/DAILY_INSERT/stocks_info.py","lineno":110,"logger":"py.warnings"}
{"timestamp":"2025-10-13T23:01:18.284643Z","level":"info","event":"Error processing AACB: Authentication failed., full error: {'ok': 0.0, 'errmsg': 'Authentication failed.', 'code': 18, 'codeName': 'AuthenticationFailed'}","logger":"task.stdout"}
{"timestamp":"2025-10-13T23:01:18.284909Z","level":"info","event":"0:00:00.934559","logger":"task.stdout"}
{"timestamp":"2025-10-13T23:01:27.389368Z","level":"info","event":"Error processing AACBR: Authentication failed., full error: {'ok': 0.0, 'errmsg': 'Authentication failed.', 'code': 18, 'codeName': 'AuthenticationFailed'}","logger":"task.stdout"}
{"timestamp":"2025-10-13T23:01:27.389621Z","level":"info","event":"0:00:10.039423","logger":"task.stdout"}
{"timestamp":"2025-10-13T23:01:37.401859Z","level":"info","event":"Error processing AACBU: Authentication failed., full error: {'ok': 0.0, 'errmsg': 'Authentication failed.', 'code': 18, 'codeName': 'AuthenticationFailed'}","logger":"task.stdout"}
{"timestamp":"2025-10-13T23:01:37.402135Z","level":"info","event":"0:00:20.051925","logger":"task.stdout"}
{"timestamp":"2025-10-13T23:01:47.411022Z","level":"info","event":"Error processing AACG: Authentication failed., full error: {'ok': 0.0, 'errmsg': 'Authentication failed.', 'code': 18, 'codeName': 'AuthenticationFailed'}","logger":"task.stdout"}
{"timestamp":"2025-10-13T23:01:47.411448Z","level":"info","event":"0:00:30.060861","logger":"task.stdout"}
{"timestamp":"2025-10-13T23:01:57.420382Z","level":"info","event":"Error processing AACI: Authentication failed., full error: {'ok': 0.0, 'errmsg': 'Authentication failed.', 'code': 18, 'codeName': 'AuthenticationFailed'}","logger":"task.stdout"}
{"timestamp":"2025-10-13T23:01:57.420597Z","level":"info","event":"0:00:40.070375","logger":"task.stdout"}
{"timestamp":"2025-10-13T23:02:07.426908Z","level":"info","event":"Error processing AACIU: Authentication failed., full error: {'ok': 0.0, 'errmsg': 'Authentication failed.', 'code': 18, 'codeName': 'AuthenticationFailed'}","logger":"task.stdout"}
{"timestamp":"2025-10-13T23:02:07.427121Z","level":"info","event":"0:00:50.076945","logger":"task.stdout"}
{"timestamp":"2025-10-13T23:02:17.434406Z","level":"info","event":"Error processing AACIW: Authentication failed., full error: {'ok': 0.0, 'errmsg': 'Authentication failed.', 'code': 18, 'codeName': 'AuthenticationFailed'}","logger":"task.stdout"}
{"timestamp":"2025-10-13T23:02:17.434731Z","level":"info","event":"0:01:00.084370","logger":"task.stdout"}
{"timestamp":"2025-10-13T23:02:27.444792Z","level":"info","event":"Error processing AAL: Authentication failed., full error: {'ok': 0.0, 'errmsg': 'Authentication failed.', 'code': 18, 'codeName': 'AuthenticationFailed'}","logger":"task.stdout"}
{"timestamp":"2025-10-13T23:02:27.445170Z","level":"info","event":"0:01:10.094737","logger":"task.stdout"}
{"timestamp":"2025-10-13T23:02:37.453990Z","level":"info","event":"Error processing AAME: Authentication failed., full error: {'ok': 0.0, 'errmsg': 'Authentication failed.', 'code': 18, 'codeName': 'AuthenticationFailed'}","logger":"task.stdout"}
{"timestamp":"2025-10-13T23:02:37.454385Z","level":"info","event":"0:01:20.103887","logger":"task.stdout"}
{"timestamp":"2025-10-13T23:02:47.465137Z","level":"info","event":"Error processing AAOI: Authentication failed., full error: {'ok': 0.0, 'errmsg': 'Authentication failed.', 'code': 18, 'codeName': 'AuthenticationFailed'}","logger":"task.stdout"}
{"timestamp":"2025-10-13T23:02:47.465505Z","level":"info","event":"0:01:30.115094","logger":"task.stdout"}
{"timestamp":"2025-10-13T23:02:57.470581Z","level":"info","event":"Error processing AAON: Authentication failed., full error: {'ok': 0.0, 'errmsg': 'Authentication failed.', 'code': 18, 'codeName': 'AuthenticationFailed'}","logger":"task.stdout"}
{"timestamp":"2025-10-13T23:02:57.470814Z","level":"info","event":"0:01:40.120638","logger":"task.stdout"}
{"timestamp":"2025-10-13T23:03:07.474018Z","level":"info","event":"Error processing AAPG: Authentication failed., full error: {'ok': 0.0, 'errmsg': 'Authentication failed.', 'code': 18, 'codeName': 'AuthenticationFailed'}","logger":"task.stdout"}
{"timestamp":"2025-10-13T23:03:07.474223Z","level":"info","event":"0:01:50.124053","logger":"task.stdout"}
{"timestamp":"2025-10-13T23:03:17.479795Z","level":"info","event":"Error processing AAPL: Authentication failed., full error: {'ok': 0.0, 'errmsg': 'Authentication failed.', 'code': 18, 'codeName': 'AuthenticationFailed'}","logger":"task.stdout"}
{"timestamp":"2025-10-13T23:03:17.480017Z","level":"info","event":"0:02:00.129647","logger":"task.stdout"}
{"timestamp":"2025-10-13T23:03:27.480925Z","level":"info","event":"Error processing AARD: Authentication failed., full error: {'ok': 0.0, 'errmsg': 'Authentication failed.', 'code': 18, 'codeName': 'AuthenticationFailed'}","logger":"task.stdout"}
{"timestamp":"2025-10-13T23:03:27.481190Z","level":"info","event":"0:02:10.130944","logger":"task.stdout"}
{"timestamp":"2025-10-13T23:03:37.485424Z","level":"info","event":"Error processing ABAT: Authentication failed., full error: {'ok': 0.0, 'errmsg': 'Authentication failed.', 'code': 18, 'codeName': 'AuthenticationFailed'}","logger":"task.stdout"}
{"timestamp":"2025-10-13T23:03:37.485671Z","level":"info","event":"0:02:20.135373","logger":"task.stdout"}
