{"timestamp":"2025-10-13T15:00:03.949533Z","level":"info","event":"DAG bundles loaded: dags-folder","logger":"airflow.dag_processing.bundles.manager.DagBundlesManager","filename":"manager.py","lineno":179}
{"timestamp":"2025-10-13T15:00:03.950744Z","level":"info","event":"Filling up the DagBag from /opt/airflow/dags/DAILY_INSERT/fear_greed_index.py","logger":"airflow.models.dagbag.DagBag","filename":"dagbag.py","lineno":593}
{"timestamp":"2025-10-13T15:00:04.883430Z","level":"warning","event":"The `airflow.operators.empty.EmptyOperator` attribute is deprecated. Please use `'airflow.providers.standard.operators.empty.EmptyOperator'`.","category":"DeprecatedImportWarning","filename":"/opt/airflow/dags/DAILY_INSERT/fear_greed_index.py","lineno":4,"logger":"py.warnings"}
{"timestamp":"2025-10-13T15:00:04.883601Z","level":"warning","event":"The `airflow.operators.python.PythonOperator` attribute is deprecated. Please use `'airflow.providers.standard.operators.python.PythonOperator'`.","category":"DeprecatedImportWarning","filename":"/opt/airflow/dags/DAILY_INSERT/fear_greed_index.py","lineno":5,"logger":"py.warnings"}
{"timestamp":"2025-10-13T15:00:11.022965Z","level":"warning","event":"pandas only supports SQLAlchemy connectable (engine/connection) or database string URI or sqlite3 DBAPI2 connection. Other DBAPI2 objects are not tested. Please consider using SQLAlchemy.","category":"UserWarning","filename":"/opt/airflow/dags/DAILY_INSERT/fear_greed_index.py","lineno":60,"logger":"py.warnings"}
{"timestamp":"2025-10-13T15:00:11.023248Z","level":"error","event":"Task failed with exception","logger":"task","filename":"task_runner.py","lineno":994,"error_detail":[{"exc_type":"ValueError","exc_value":"date (<class 'sqlalchemy.sql.sqltypes.DateTime'>) not a string","exc_notes":[],"syntax_error":null,"is_cause":false,"frames":[{"filename":"/home/airflow/.local/lib/python3.12/site-packages/airflow/sdk/execution_time/task_runner.py","lineno":920,"name":"run"},{"filename":"/home/airflow/.local/lib/python3.12/site-packages/airflow/sdk/execution_time/task_runner.py","lineno":1307,"name":"_execute_task"},{"filename":"/home/airflow/.local/lib/python3.12/site-packages/airflow/sdk/bases/operator.py","lineno":416,"name":"wrapper"},{"filename":"/home/airflow/.local/lib/python3.12/site-packages/airflow/providers/standard/operators/python.py","lineno":216,"name":"execute"},{"filename":"/home/airflow/.local/lib/python3.12/site-packages/airflow/providers/standard/operators/python.py","lineno":239,"name":"execute_callable"},{"filename":"/home/airflow/.local/lib/python3.12/site-packages/airflow/sdk/execution_time/callback_runner.py","lineno":82,"name":"run"},{"filename":"/opt/airflow/dags/DAILY_INSERT/fear_greed_index.py","lineno":60,"name":"insert_values"},{"filename":"/home/airflow/.local/lib/python3.12/site-packages/pandas/util/_decorators.py","lineno":333,"name":"wrapper"},{"filename":"/home/airflow/.local/lib/python3.12/site-packages/pandas/core/generic.py","lineno":3109,"name":"to_sql"},{"filename":"/home/airflow/.local/lib/python3.12/site-packages/pandas/io/sql.py","lineno":844,"name":"to_sql"},{"filename":"/home/airflow/.local/lib/python3.12/site-packages/pandas/io/sql.py","lineno":2829,"name":"to_sql"}],"is_group":false,"exceptions":[]}]}
[2025-10-15T13:13:10.879+0000] {local_task_job_runner.py:123} INFO - ::group::Pre task execution logs
[2025-10-15T13:13:10.921+0000] {taskinstance.py:2631} INFO - Dependencies all met for dep_context=non-requeueable deps ti=<TaskInstance: DAILY_INSERT_FearGreedIndex.read_postgres scheduled__2025-10-13T15:00:00+00:00 [queued]>
[2025-10-15T13:13:10.932+0000] {taskinstance.py:2631} INFO - Dependencies all met for dep_context=requeueable deps ti=<TaskInstance: DAILY_INSERT_FearGreedIndex.read_postgres scheduled__2025-10-13T15:00:00+00:00 [queued]>
[2025-10-15T13:13:10.932+0000] {taskinstance.py:2884} INFO - Starting attempt 1 of 1
[2025-10-15T13:13:10.946+0000] {taskinstance.py:2907} INFO - Executing <Task(PythonOperator): read_postgres> on 2025-10-13 15:00:00+00:00
[2025-10-15T13:13:10.960+0000] {logging_mixin.py:190} WARNING - /home/***/.local/lib/python3.12/site-packages/***/task/task_runner/standard_task_runner.py:70 DeprecationWarning: This process (pid=697) is multi-threaded, use of fork() may lead to deadlocks in the child.
[2025-10-15T13:13:10.962+0000] {standard_task_runner.py:72} INFO - Started process 699 to run task
[2025-10-15T13:13:10.962+0000] {standard_task_runner.py:104} INFO - Running: ['***', 'tasks', 'run', 'DAILY_INSERT_FearGreedIndex', 'read_postgres', 'scheduled__2025-10-13T15:00:00+00:00', '--job-id', '9', '--raw', '--subdir', 'DAGS_FOLDER/DAILY_INSERT/fear_greed_index.py', '--cfg-path', '/tmp/tmp7lz1sj9h']
[2025-10-15T13:13:10.965+0000] {standard_task_runner.py:105} INFO - Job 9: Subtask read_postgres
[2025-10-15T13:13:11.057+0000] {task_command.py:467} INFO - Running <TaskInstance: DAILY_INSERT_FearGreedIndex.read_postgres scheduled__2025-10-13T15:00:00+00:00 [running]> on host 950e9fce249f
[2025-10-15T13:13:11.206+0000] {taskinstance.py:3157} INFO - Exporting env vars: AIRFLOW_CTX_DAG_OWNER='***' AIRFLOW_CTX_DAG_ID='DAILY_INSERT_FearGreedIndex' AIRFLOW_CTX_TASK_ID='read_postgres' AIRFLOW_CTX_EXECUTION_DATE='2025-10-13T15:00:00+00:00' AIRFLOW_CTX_TRY_NUMBER='1' AIRFLOW_CTX_DAG_RUN_ID='scheduled__2025-10-13T15:00:00+00:00'
[2025-10-15T13:13:11.208+0000] {taskinstance.py:740} INFO - ::endgroup::
[2025-10-15T13:13:12.435+0000] {logging_mixin.py:190} WARNING - /opt/***/dags/DAILY_INSERT/fear_greed_index.py:60 UserWarning: pandas only supports SQLAlchemy connectable (engine/connection) or database string URI or sqlite3 DBAPI2 connection. Other DBAPI2 objects are not tested. Please consider using SQLAlchemy.
[2025-10-15T13:13:12.436+0000] {taskinstance.py:3336} ERROR - Task failed with exception
Traceback (most recent call last):
  File "/home/airflow/.local/lib/python3.12/site-packages/airflow/models/taskinstance.py", line 776, in _execute_task
    result = _execute_callable(context=context, **execute_callable_kwargs)
             ^^^^^^^^^^^^^^^^^^^^^^^^^^^^^^^^^^^^^^^^^^^^^^^^^^^^^^^^^^^^^
  File "/home/airflow/.local/lib/python3.12/site-packages/airflow/models/taskinstance.py", line 742, in _execute_callable
    return ExecutionCallableRunner(
           ^^^^^^^^^^^^^^^^^^^^^^^^
  File "/home/airflow/.local/lib/python3.12/site-packages/airflow/utils/operator_helpers.py", line 252, in run
    return self.func(*args, **kwargs)
           ^^^^^^^^^^^^^^^^^^^^^^^^^^
  File "/home/airflow/.local/lib/python3.12/site-packages/airflow/models/baseoperator.py", line 424, in wrapper
    return func(self, *args, **kwargs)
           ^^^^^^^^^^^^^^^^^^^^^^^^^^^
  File "/home/airflow/.local/lib/python3.12/site-packages/airflow/operators/python.py", line 238, in execute
    return_value = self.execute_callable()
                   ^^^^^^^^^^^^^^^^^^^^^^^
  File "/home/airflow/.local/lib/python3.12/site-packages/airflow/operators/python.py", line 256, in execute_callable
    return runner.run(*self.op_args, **self.op_kwargs)
           ^^^^^^^^^^^^^^^^^^^^^^^^^^^^^^^^^^^^^^^^^^^
  File "/home/airflow/.local/lib/python3.12/site-packages/airflow/utils/operator_helpers.py", line 252, in run
    return self.func(*args, **kwargs)
           ^^^^^^^^^^^^^^^^^^^^^^^^^^
  File "/opt/airflow/dags/DAILY_INSERT/fear_greed_index.py", line 60, in insert_values
    df.head(0).to_sql("fear_greed_index", engine, schema="public", if_exists="replace", index=False, dtype={"date": DateTime, "fear_greed_index": FLOAT, "rating": VARCHAR(50)})
  File "/home/airflow/.local/lib/python3.12/site-packages/pandas/util/_decorators.py", line 333, in wrapper
    return func(*args, **kwargs)
           ^^^^^^^^^^^^^^^^^^^^^
  File "/home/airflow/.local/lib/python3.12/site-packages/pandas/core/generic.py", line 3109, in to_sql
    return sql.to_sql(
           ^^^^^^^^^^^
  File "/home/airflow/.local/lib/python3.12/site-packages/pandas/io/sql.py", line 844, in to_sql
    return pandas_sql.to_sql(
           ^^^^^^^^^^^^^^^^^^
  File "/home/airflow/.local/lib/python3.12/site-packages/pandas/io/sql.py", line 2829, in to_sql
    raise ValueError(f"{col} ({my_type}) not a string")
ValueError: date (<class 'sqlalchemy.sql.sqltypes.DateTime'>) not a string
[2025-10-15T13:13:12.467+0000] {taskinstance.py:1242} INFO - Marking task as FAILED. dag_id=DAILY_INSERT_FearGreedIndex, task_id=read_postgres, run_id=scheduled__2025-10-13T15:00:00+00:00, execution_date=20251013T150000, start_date=20251015T131310, end_date=20251015T131312
[2025-10-15T13:13:12.521+0000] {taskinstance.py:349} INFO - ::group::Post task execution logs
[2025-10-15T13:13:12.522+0000] {standard_task_runner.py:124} ERROR - Failed to execute job 9 for task read_postgres (date (<class 'sqlalchemy.sql.sqltypes.DateTime'>) not a string; 699)
Traceback (most recent call last):
  File "/home/airflow/.local/lib/python3.12/site-packages/airflow/task/task_runner/standard_task_runner.py", line 117, in _start_by_fork
    ret = args.func(args, dag=self.dag)
          ^^^^^^^^^^^^^^^^^^^^^^^^^^^^^
  File "/home/airflow/.local/lib/python3.12/site-packages/airflow/cli/cli_config.py", line 49, in command
    return func(*args, **kwargs)
           ^^^^^^^^^^^^^^^^^^^^^
  File "/home/airflow/.local/lib/python3.12/site-packages/airflow/utils/cli.py", line 116, in wrapper
    return f(*args, **kwargs)
           ^^^^^^^^^^^^^^^^^^
  File "/home/airflow/.local/lib/python3.12/site-packages/airflow/cli/commands/task_command.py", line 483, in task_run
    task_return_code = _run_task_by_selected_method(args, _dag, ti)
                       ^^^^^^^^^^^^^^^^^^^^^^^^^^^^^^^^^^^^^^^^^^^^
  File "/home/airflow/.local/lib/python3.12/site-packages/airflow/cli/commands/task_command.py", line 256, in _run_task_by_selected_method
    return _run_raw_task(args, ti)
           ^^^^^^^^^^^^^^^^^^^^^^^
  File "/home/airflow/.local/lib/python3.12/site-packages/airflow/cli/commands/task_command.py", line 341, in _run_raw_task
    return ti._run_raw_task(
           ^^^^^^^^^^^^^^^^^
  File "/home/airflow/.local/lib/python3.12/site-packages/airflow/utils/session.py", line 97, in wrapper
    return func(*args, session=session, **kwargs)
           ^^^^^^^^^^^^^^^^^^^^^^^^^^^^^^^^^^^^^^
  File "/home/airflow/.local/lib/python3.12/site-packages/airflow/models/taskinstance.py", line 3029, in _run_raw_task
    return _run_raw_task(
           ^^^^^^^^^^^^^^
  File "/home/airflow/.local/lib/python3.12/site-packages/airflow/models/taskinstance.py", line 282, in _run_raw_task
    TaskInstance._execute_task_with_callbacks(
  File "/home/airflow/.local/lib/python3.12/site-packages/airflow/models/taskinstance.py", line 3184, in _execute_task_with_callbacks
    result = self._execute_task(context, task_orig)
             ^^^^^^^^^^^^^^^^^^^^^^^^^^^^^^^^^^^^^^
  File "/home/airflow/.local/lib/python3.12/site-packages/airflow/models/taskinstance.py", line 3208, in _execute_task
    return _execute_task(self, context, task_orig)
           ^^^^^^^^^^^^^^^^^^^^^^^^^^^^^^^^^^^^^^^
  File "/home/airflow/.local/lib/python3.12/site-packages/airflow/models/taskinstance.py", line 776, in _execute_task
    result = _execute_callable(context=context, **execute_callable_kwargs)
             ^^^^^^^^^^^^^^^^^^^^^^^^^^^^^^^^^^^^^^^^^^^^^^^^^^^^^^^^^^^^^
  File "/home/airflow/.local/lib/python3.12/site-packages/airflow/models/taskinstance.py", line 742, in _execute_callable
    return ExecutionCallableRunner(
           ^^^^^^^^^^^^^^^^^^^^^^^^
  File "/home/airflow/.local/lib/python3.12/site-packages/airflow/utils/operator_helpers.py", line 252, in run
    return self.func(*args, **kwargs)
           ^^^^^^^^^^^^^^^^^^^^^^^^^^
  File "/home/airflow/.local/lib/python3.12/site-packages/airflow/models/baseoperator.py", line 424, in wrapper
    return func(self, *args, **kwargs)
           ^^^^^^^^^^^^^^^^^^^^^^^^^^^
  File "/home/airflow/.local/lib/python3.12/site-packages/airflow/operators/python.py", line 238, in execute
    return_value = self.execute_callable()
                   ^^^^^^^^^^^^^^^^^^^^^^^
  File "/home/airflow/.local/lib/python3.12/site-packages/airflow/operators/python.py", line 256, in execute_callable
    return runner.run(*self.op_args, **self.op_kwargs)
           ^^^^^^^^^^^^^^^^^^^^^^^^^^^^^^^^^^^^^^^^^^^
  File "/home/airflow/.local/lib/python3.12/site-packages/airflow/utils/operator_helpers.py", line 252, in run
    return self.func(*args, **kwargs)
           ^^^^^^^^^^^^^^^^^^^^^^^^^^
  File "/opt/airflow/dags/DAILY_INSERT/fear_greed_index.py", line 60, in insert_values
    df.head(0).to_sql("fear_greed_index", engine, schema="public", if_exists="replace", index=False, dtype={"date": DateTime, "fear_greed_index": FLOAT, "rating": VARCHAR(50)})
  File "/home/airflow/.local/lib/python3.12/site-packages/pandas/util/_decorators.py", line 333, in wrapper
    return func(*args, **kwargs)
           ^^^^^^^^^^^^^^^^^^^^^
  File "/home/airflow/.local/lib/python3.12/site-packages/pandas/core/generic.py", line 3109, in to_sql
    return sql.to_sql(
           ^^^^^^^^^^^
  File "/home/airflow/.local/lib/python3.12/site-packages/pandas/io/sql.py", line 844, in to_sql
    return pandas_sql.to_sql(
           ^^^^^^^^^^^^^^^^^^
  File "/home/airflow/.local/lib/python3.12/site-packages/pandas/io/sql.py", line 2829, in to_sql
    raise ValueError(f"{col} ({my_type}) not a string")
ValueError: date (<class 'sqlalchemy.sql.sqltypes.DateTime'>) not a string
[2025-10-15T13:13:12.543+0000] {local_task_job_runner.py:266} INFO - Task exited with return code 1
[2025-10-15T13:13:12.577+0000] {taskinstance.py:3924} INFO - 0 downstream tasks scheduled from follow-on schedule check
[2025-10-15T13:13:12.579+0000] {local_task_job_runner.py:245} INFO - ::endgroup::
[2025-10-15T14:06:53.110+0000] {local_task_job_runner.py:123} INFO - ::group::Pre task execution logs
[2025-10-15T14:06:53.150+0000] {taskinstance.py:2631} INFO - Dependencies all met for dep_context=non-requeueable deps ti=<TaskInstance: DAILY_INSERT_FearGreedIndex.read_postgres scheduled__2025-10-13T15:00:00+00:00 [queued]>
[2025-10-15T14:06:53.163+0000] {taskinstance.py:2631} INFO - Dependencies all met for dep_context=requeueable deps ti=<TaskInstance: DAILY_INSERT_FearGreedIndex.read_postgres scheduled__2025-10-13T15:00:00+00:00 [queued]>
[2025-10-15T14:06:53.164+0000] {taskinstance.py:2884} INFO - Starting attempt 1 of 1
[2025-10-15T14:06:53.183+0000] {taskinstance.py:2907} INFO - Executing <Task(PythonOperator): read_postgres> on 2025-10-13 15:00:00+00:00
[2025-10-15T14:06:53.197+0000] {logging_mixin.py:190} WARNING - /home/***/.local/lib/python3.12/site-packages/***/task/task_runner/standard_task_runner.py:70 DeprecationWarning: This process (pid=690) is multi-threaded, use of fork() may lead to deadlocks in the child.
[2025-10-15T14:06:53.198+0000] {standard_task_runner.py:72} INFO - Started process 697 to run task
[2025-10-15T14:06:53.197+0000] {standard_task_runner.py:104} INFO - Running: ['***', 'tasks', 'run', 'DAILY_INSERT_FearGreedIndex', 'read_postgres', 'scheduled__2025-10-13T15:00:00+00:00', '--job-id', '21', '--raw', '--subdir', 'DAGS_FOLDER/DAILY_INSERT/fear_greed_index.py', '--cfg-path', '/tmp/tmp_fq9izlc']
[2025-10-15T14:06:53.200+0000] {standard_task_runner.py:105} INFO - Job 21: Subtask read_postgres
[2025-10-15T14:06:53.292+0000] {task_command.py:467} INFO - Running <TaskInstance: DAILY_INSERT_FearGreedIndex.read_postgres scheduled__2025-10-13T15:00:00+00:00 [running]> on host f4142ad45941
[2025-10-15T14:06:53.440+0000] {taskinstance.py:3157} INFO - Exporting env vars: AIRFLOW_CTX_DAG_OWNER='***' AIRFLOW_CTX_DAG_ID='DAILY_INSERT_FearGreedIndex' AIRFLOW_CTX_TASK_ID='read_postgres' AIRFLOW_CTX_EXECUTION_DATE='2025-10-13T15:00:00+00:00' AIRFLOW_CTX_TRY_NUMBER='1' AIRFLOW_CTX_DAG_RUN_ID='scheduled__2025-10-13T15:00:00+00:00'
[2025-10-15T14:06:53.441+0000] {taskinstance.py:740} INFO - ::endgroup::
[2025-10-15T14:06:53.796+0000] {python.py:240} INFO - Done. Returned value was: 0
[2025-10-15T14:06:53.840+0000] {taskinstance.py:349} INFO - ::group::Post task execution logs
[2025-10-15T14:06:53.841+0000] {taskinstance.py:361} INFO - Marking task as SUCCESS. dag_id=DAILY_INSERT_FearGreedIndex, task_id=read_postgres, run_id=scheduled__2025-10-13T15:00:00+00:00, execution_date=20251013T150000, start_date=20251015T140653, end_date=20251015T140653
[2025-10-15T14:06:53.900+0000] {local_task_job_runner.py:266} INFO - Task exited with return code 0
[2025-10-15T14:06:53.931+0000] {taskinstance.py:3924} INFO - 0 downstream tasks scheduled from follow-on schedule check
[2025-10-15T14:06:53.933+0000] {local_task_job_runner.py:245} INFO - ::endgroup::
